Using pre-set license
Built from '2020.3/staging' branch; Version is '2020.3.8f1 (507919d4fff5) revision 5273881'; Using compiler version '192528614'; Build Type 'Release'
OS: 'Windows 10 Pro; OS build 19042.1110; Version 2009; 64bit' Language: 'ko' Physical Memory: 32676 MB
BatchMode: 1, IsHumanControllingUs: 0, StartBugReporterOnCrash: 0, Is64bit: 1, IsPro: 0

 COMMAND LINE ARGUMENTS:
C:\Program Files\Unity\Hub\Editor\2020.3.8f1\Editor\Unity.exe
-adb2
-batchMode
-noUpm
-name
AssetImportWorker0
-projectPath
D:/Unity/Turntable
-logFile
Logs/AssetImportWorker0.log
-srvPort
2273
Successfully changed project path to: D:/Unity/Turntable
D:/Unity/Turntable
Using Asset Import Pipeline V2.
Refreshing native plugins compatible for Editor in 16.04 ms, found 0 plugins.
Preloading 0 native plugins for Editor in 0.00 ms.
Initialize engine version: 2020.3.8f1 (507919d4fff5)
[Subsystems] Discovering subsystems at path C:/Program Files/Unity/Hub/Editor/2020.3.8f1/Editor/Data/Resources/UnitySubsystems
[Subsystems] Discovering subsystems at path D:/Unity/Turntable/Assets
GfxDevice: creating device client; threaded=0
Direct3D:
    Version:  Direct3D 11.0 [level 11.1]
    Renderer: NVIDIA GeForce GTX 1060 3GB (ID=0x1c02)
    Vendor:   
    VRAM:     2988 MB
    Driver:   27.21.14.5671
Initialize mono
Mono path[0] = 'C:/Program Files/Unity/Hub/Editor/2020.3.8f1/Editor/Data/Managed'
Mono path[1] = 'C:/Program Files/Unity/Hub/Editor/2020.3.8f1/Editor/Data/MonoBleedingEdge/lib/mono/unityjit'
Mono config path = 'C:/Program Files/Unity/Hub/Editor/2020.3.8f1/Editor/Data/MonoBleedingEdge/etc'
Using monoOptions --debugger-agent=transport=dt_socket,embedding=1,server=y,suspend=n,address=127.0.0.1:56276
Begin MonoManager ReloadAssembly
Registering precompiled unity dll's ...
Register platform support module: C:/Program Files/Unity/Hub/Editor/2020.3.8f1/Editor/Data/PlaybackEngines/WindowsStandaloneSupport/UnityEditor.WindowsStandalone.Extensions.dll
Registered in 0.001593 seconds.
Native extension for WindowsStandalone target not found
Refreshing native plugins compatible for Editor in 16.42 ms, found 0 plugins.
Preloading 0 native plugins for Editor in 0.00 ms.
Mono: successfully reloaded assembly
- Completed reload, in  0.718 seconds
Platform modules already initialized, skipping
Registering precompiled user dll's ...
Registered in 0.000294 seconds.
Begin MonoManager ReloadAssembly
Native extension for WindowsStandalone target not found
Refreshing native plugins compatible for Editor in 0.23 ms, found 0 plugins.
Preloading 0 native plugins for Editor in 0.00 ms.
Mono: successfully reloaded assembly
- Completed reload, in  0.533 seconds
Platform modules already initialized, skipping
========================================================================
Worker process is ready to serve import requests
Launched and connected shader compiler UnityShaderCompiler.exe after 0.03 seconds
Refreshing native plugins compatible for Editor in 0.63 ms, found 0 plugins.
Preloading 0 native plugins for Editor in 0.00 ms.
Unloading 1125 Unused Serialized files (Serialized files now loaded: 0)
System memory in use before: 60.0 MB.
System memory in use after: 60.1 MB.

Unloading 10 unused Assets to reduce memory usage. Loaded Objects now: 1568.
Total: 1.403400 ms (FindLiveObjects: 0.097400 ms CreateObjectMapping: 0.021600 ms MarkObjects: 1.221500 ms  DeleteObjects: 0.062100 ms)

========================================================================
Received Import Request.
  path: Assets/Scripts/Sheet.cs
  artifactKey: Guid(a15f23905095f2a4ebf544a0de67f0eb) Importer(815301076,1909f56bfc062723c751e8b465ee728b)
Start importing Assets/Scripts/Sheet.cs using Guid(a15f23905095f2a4ebf544a0de67f0eb) Importer(815301076,1909f56bfc062723c751e8b465ee728b)  -> (artifact id: '84e9b3c7bd545d9f48c8bb2856202bdf') in 0.028292 seconds
  Import took 0.030558 seconds .

========================================================================
Received Import Request.
  Time since last request: 43.537081 seconds.
  path: Assets/Scripts/Sheet.cs
  artifactKey: Guid(a15f23905095f2a4ebf544a0de67f0eb) Importer(815301076,1909f56bfc062723c751e8b465ee728b)
Start importing Assets/Scripts/Sheet.cs using Guid(a15f23905095f2a4ebf544a0de67f0eb) Importer(815301076,1909f56bfc062723c751e8b465ee728b)  -> (artifact id: 'f401009b1ffe9b52aeb1c60d6b40486c') in 0.001318 seconds
  Import took 0.003058 seconds .

========================================================================
Received Import Request.
  Time since last request: 120.598244 seconds.
  path: Assets/Scripts/Sheet.cs
  artifactKey: Guid(a15f23905095f2a4ebf544a0de67f0eb) Importer(815301076,1909f56bfc062723c751e8b465ee728b)
Start importing Assets/Scripts/Sheet.cs using Guid(a15f23905095f2a4ebf544a0de67f0eb) Importer(815301076,1909f56bfc062723c751e8b465ee728b)  -> (artifact id: '042a69d15092e6a584f5d4fe4f486f93') in 0.002984 seconds
  Import took 0.004599 seconds .

========================================================================
Received Import Request.
  Time since last request: 0.000689 seconds.
  path: Assets/Scripts/Sheet.cs
  artifactKey: Guid(a15f23905095f2a4ebf544a0de67f0eb) Importer(815301076,1909f56bfc062723c751e8b465ee728b)
Start importing Assets/Scripts/Sheet.cs using Guid(a15f23905095f2a4ebf544a0de67f0eb) Importer(815301076,1909f56bfc062723c751e8b465ee728b)  -> (artifact id: '042a69d15092e6a584f5d4fe4f486f93') in 0.001069 seconds
  Import took 0.002457 seconds .

========================================================================
Received Import Request.
  Time since last request: 349.362604 seconds.
  path: Assets/Scripts/Sheet.cs
  artifactKey: Guid(a15f23905095f2a4ebf544a0de67f0eb) Importer(815301076,1909f56bfc062723c751e8b465ee728b)
Start importing Assets/Scripts/Sheet.cs using Guid(a15f23905095f2a4ebf544a0de67f0eb) Importer(815301076,1909f56bfc062723c751e8b465ee728b)  -> (artifact id: 'ae2a0a65217f21cf639a7ba91fcb9e94') in 0.002965 seconds
  Import took 0.005172 seconds .

========================================================================
Received Import Request.
  Time since last request: 0.000233 seconds.
  path: Assets/Scripts/Sheet.cs
  artifactKey: Guid(a15f23905095f2a4ebf544a0de67f0eb) Importer(815301076,1909f56bfc062723c751e8b465ee728b)
Start importing Assets/Scripts/Sheet.cs using Guid(a15f23905095f2a4ebf544a0de67f0eb) Importer(815301076,1909f56bfc062723c751e8b465ee728b)  -> (artifact id: 'ae2a0a65217f21cf639a7ba91fcb9e94') in 0.001118 seconds
  Import took 0.002630 seconds .

========================================================================
Received Import Request.
  Time since last request: 22.082276 seconds.
  path: Assets/Scripts/Sheet.cs
  artifactKey: Guid(a15f23905095f2a4ebf544a0de67f0eb) Importer(815301076,1909f56bfc062723c751e8b465ee728b)
Start importing Assets/Scripts/Sheet.cs using Guid(a15f23905095f2a4ebf544a0de67f0eb) Importer(815301076,1909f56bfc062723c751e8b465ee728b)  -> (artifact id: '4fc575054753b57b2037818bc2f95788') in 0.001135 seconds
  Import took 0.002818 seconds .

========================================================================
Received Import Request.
  Time since last request: 0.000755 seconds.
  path: Assets/Scripts/Sheet.cs
  artifactKey: Guid(a15f23905095f2a4ebf544a0de67f0eb) Importer(815301076,1909f56bfc062723c751e8b465ee728b)
Start importing Assets/Scripts/Sheet.cs using Guid(a15f23905095f2a4ebf544a0de67f0eb) Importer(815301076,1909f56bfc062723c751e8b465ee728b)  -> (artifact id: '4fc575054753b57b2037818bc2f95788') in 0.000967 seconds
  Import took 0.002383 seconds .

========================================================================
Received Import Request.
  Time since last request: 8.333304 seconds.
  path: Assets/Scripts/Sheet.cs
  artifactKey: Guid(a15f23905095f2a4ebf544a0de67f0eb) Importer(815301076,1909f56bfc062723c751e8b465ee728b)
Start importing Assets/Scripts/Sheet.cs using Guid(a15f23905095f2a4ebf544a0de67f0eb) Importer(815301076,1909f56bfc062723c751e8b465ee728b)  -> (artifact id: '2cd075fc6248b177838316cbf762fd73') in 0.001237 seconds
  Import took 0.002788 seconds .

========================================================================
Received Import Request.
  Time since last request: 7.503983 seconds.
  path: Assets/Scripts/Sheet.cs
  artifactKey: Guid(a15f23905095f2a4ebf544a0de67f0eb) Importer(815301076,1909f56bfc062723c751e8b465ee728b)
Start importing Assets/Scripts/Sheet.cs using Guid(a15f23905095f2a4ebf544a0de67f0eb) Importer(815301076,1909f56bfc062723c751e8b465ee728b)  -> (artifact id: '5613dbc28cba97004b533815656d3bca') in 0.002903 seconds
  Import took 0.004580 seconds .

========================================================================
Received Import Request.
  Time since last request: 0.000300 seconds.
  path: Assets/Scripts/Sheet.cs
  artifactKey: Guid(a15f23905095f2a4ebf544a0de67f0eb) Importer(815301076,1909f56bfc062723c751e8b465ee728b)
Start importing Assets/Scripts/Sheet.cs using Guid(a15f23905095f2a4ebf544a0de67f0eb) Importer(815301076,1909f56bfc062723c751e8b465ee728b)  -> (artifact id: '5613dbc28cba97004b533815656d3bca') in 0.001247 seconds
  Import took 0.002915 seconds .

========================================================================
Received Prepare
Registering precompiled user dll's ...
Registered in 0.000362 seconds.
Begin MonoManager ReloadAssembly
Native extension for WindowsStandalone target not found
Refreshing native plugins compatible for Editor in 0.20 ms, found 0 plugins.
Preloading 0 native plugins for Editor in 0.00 ms.
Mono: successfully reloaded assembly
- Completed reload, in  0.519 seconds
Platform modules already initialized, skipping
Refreshing native plugins compatible for Editor in 0.21 ms, found 0 plugins.
Preloading 0 native plugins for Editor in 0.00 ms.
Unloading 1120 Unused Serialized files (Serialized files now loaded: 0)
System memory in use before: 60.0 MB.
System memory in use after: 60.1 MB.

Unloading 5 unused Assets to reduce memory usage. Loaded Objects now: 1571.
Total: 1.364400 ms (FindLiveObjects: 0.108400 ms CreateObjectMapping: 0.027200 ms MarkObjects: 1.192100 ms  DeleteObjects: 0.036000 ms)

